<?xml version="1.0" encoding="UTF-8"?>
<beans xmlns="http://www.springframework.org/schema/beans"
  xmlns:xsi="http://www.w3.org/2001/XMLSchema-instance" xmlns:context="http://www.springframework.org/schema/context"
  xmlns:mockito="http://www.mockito.org/spring/mockito"
  xsi:schemaLocation="http://www.springframework.org/schema/beans http://www.springframework.org/schema/beans/spring-beans.xsd
    http://www.springframework.org/schema/context http://www.springframework.org/schema/context/spring-context.xsd  
    http://www.mockito.org/spring/mockito http://www.mockito.org/spring/mockito.xsd ">

  <import resource="spring/integration-test-properties-context.xml" />
  <import resource="spring/test-broker-context.xml" />
  <import resource="spring/beans-context.xml" />
  <import resource="spring/service-context.xml"/>
  <import resource="spring/camel-context.xml" />

  <context:annotation-config />

  <context:component-scan base-package="se.inera.webcert.notifications" />
  
  <bean id="certificateStatusUpdateForCareResponder" class="se.inera.webcert.notifications.stub.CertificateStatusUpdateForCareResponderStub"/>
  
</beans>