<?xml version="1.0" encoding="UTF-8"?>
<beans xmlns="http://www.springframework.org/schema/beans"
    xmlns:xsi="http://www.w3.org/2001/XMLSchema-instance" xmlns:amq="http://activemq.apache.org/schema/core"
    xsi:schemaLocation="http://www.springframework.org/schema/beans http://www.springframework.org/schema/beans/spring-beans.xsd
    http://activemq.apache.org/schema/core http://activemq.apache.org/schema/core/activemq-core-5.8.0.xsd">

  <bean id="jmsFactory" class="org.apache.activemq.ActiveMQConnectionFactory">
    <property name="brokerURL" value="tcp://localhost:61618"/>
    <property name="redeliveryPolicy">
      <bean class="org.apache.activemq.RedeliveryPolicy">
        <property name="maximumRedeliveries" value="10"/>
        <property name="maximumRedeliveryDelay" value="300000"/>
        <property name="initialRedeliveryDelay" value="1000"/>
        <property name="useExponentialBackOff" value="true"/>
        <property name="backOffMultiplier" value="2"/>
      </bean>
    </property>
  </bean>

  <bean id="jmsTransactionManager" class="org.springframework.jms.connection.JmsTransactionManager">
    <property name="connectionFactory" ref="jmsFactory"/>
  </bean>

  <bean id="jms" class="org.apache.activemq.camel.component.ActiveMQComponent">
    <property name="connectionFactory" ref="jmsFactory"/>
    <property name="transactionManager" ref="jmsTransactionManager"/>
    <property name="transacted" value="true"/>
    <property name="cacheLevelName" value="CACHE_CONSUMER"/>
    <property name="errorHandlerLogStackTrace" value="false"/>
  </bean>

  <bean id="PROPAGATION_REQUIRED" class="org.apache.camel.spring.spi.SpringTransactionPolicy">
    <property name="transactionManager" ref="jmsTransactionManager"/>
    <property name="propagationBehaviorName" value="PROPAGATION_REQUIRED"/>
  </bean>

  <bean id="jmsTemplate" class="org.springframework.jms.core.JmsTemplate">
    <property name="connectionFactory" ref="jmsFactory"/>
    <property name="defaultDestination" ref="queue"/>
  </bean>

  <amq:broker persistent="false">
    <amq:transportConnectors>
      <amq:transportConnector uri="tcp://localhost:61618"/>
    </amq:transportConnectors>
  </amq:broker>

  <amq:queue id="queue" physicalName="notificationQueue"/>

</beans>
